Arguments: 
  C:\Program Files\nodejs\node.exe C:\Users\TylerHaddix\AppData\Roaming\npm\node_modules\yarn\bin\yarn.js add @esri/esri-loader

PATH: 
  C:\Program Files\Eclipse Adoptium\jdk-17.0.6.10-hotspot\bin;C:\Program Files (x86)\Microsoft SDKs\Azure\CLI2\wbin;C:\Program Files\Microsoft\jdk-11.0.12.7-hotspot\bin;C:\Windows\system32;C:\Windows;C:\Windows\System32\Wbem;C:\Windows\System32\WindowsPowerShell\v1.0\;C:\Windows\System32\OpenSSH\;C:\Program Files (x86)\Plantronics\Spokes3G\;C:\Program Files\Microsoft SQL Server\150\Tools\Binn\;C:\Program Files\Microsoft SQL Server\Client SDK\ODBC\170\Tools\Binn\;C:\Program Files\dotnet\;C:\Program Files\Microsoft SQL Server\130\Tools\Binn\;C:\Program Files (x86)\Microsoft SQL Server\150\DTS\Binn\;C:\Program Files\Git\cmd;C:\Program Files\WireGuard\;C:\ProgramData\chocolatey\bin;C:\Program Files (x86)\Microsoft SQL Server\160\DTS\Binn\;C:\Program Files (x86)\Microsoft Visual Studio\2019\Professional\MSBuild\Current\Bin;C:\Program Files (x86)\NuGet\;C:\Program Files\IIS Express\;C:\Program Files\Docker\Docker\resources\bin;%NVM_HOME%;%NVM_SYMLINK%;C:\WINDOWS\system32;C:\WINDOWS;C:\WINDOWS\System32\Wbem;C:\WINDOWS\System32\WindowsPowerShell\v1.0\;C:\WINDOWS\System32\OpenSSH\;C:\Program Files\Microsoft\Azure Functions Core Tools\;C:\Users\TylerHaddix\AppData\Local\Microsoft\WindowsApps;C:\Users\TylerHaddix\AppData\Local\Programs\Microsoft VS Code\bin;C:\Users\TylerHaddix\.dotnet\tools;C:\Users\TylerHaddix\AppData\Local\gitkraken\bin;C:\Users\TylerHaddix\.dotnet\tools;C:\Program Files\Azure Data Studio\bin;C:\Users\TylerHaddix\AppData\Roaming\npm;C:\Program Files (x86)\NuGet\;C:\Program Files\dotnet;C:\Users\TylerHaddix\AppData\Roaming\nvm;C:\Program Files\nodejs;C:\Users\TylerHaddix\AppData\Local\Microsoft\WindowsApps;

Yarn version: 
  1.22.19

Node version: 
  16.13.0

Platform: 
  win32 x64

Trace: 
  Error: https://registry.yarnpkg.com/@esri%2fesri-loader: Not found
      at Request.params.callback [as _callback] (C:\Users\TylerHaddix\AppData\Roaming\npm\node_modules\yarn\lib\cli.js:66145:18)
      at Request.self.callback (C:\Users\TylerHaddix\AppData\Roaming\npm\node_modules\yarn\lib\cli.js:140890:22)
      at Request.emit (node:events:390:28)
      at Request.<anonymous> (C:\Users\TylerHaddix\AppData\Roaming\npm\node_modules\yarn\lib\cli.js:141862:10)
      at Request.emit (node:events:390:28)
      at IncomingMessage.<anonymous> (C:\Users\TylerHaddix\AppData\Roaming\npm\node_modules\yarn\lib\cli.js:141784:12)
      at Object.onceWrapper (node:events:509:28)
      at IncomingMessage.emit (node:events:402:35)
      at endReadableNT (node:internal/streams/readable:1343:12)
      at processTicksAndRejections (node:internal/process/task_queues:83:21)

npm manifest: 
  {
    "name": "vuetoarduino",
    "version": "0.1.0",
    "private": true,
    "scripts": {
      "serve": "vite preview",
      "build": "vite build ",
      "preview": "vite preview",
      "lint": "vue-cli-service lint",
      "dev": "vite"
    },
    "dependencies": {
      "@arcgis/core": "^4.26.5",
      "@mdi/font": "5.9.55",
      "@vueuse/core": "^9.12.0",
      "core-js": "^3.8.3",
      "roboto-fontface": "*",
      "vue": "^3.2.13",
      "vue-cryptojs": "^2.3.1",
      "vue-router": "^4.1.6",
      "vuetify": "^3.0.0-beta.0",
      "webfontloader": "^1.0.0"
    },
    "devDependencies": {
      "@babel/core": "^7.12.16",
      "@babel/eslint-parser": "^7.12.16",
      "@vitejs/plugin-vue": "^3.0.3",
      "@vue/cli-plugin-babel": "~5.0.0",
      "@vue/cli-plugin-eslint": "~5.0.0",
      "@vue/cli-plugin-router": "~5.0.0",
      "@vue/cli-service": "~5.0.0",
      "eslint": "^7.32.0",
      "eslint-plugin-vue": "^8.0.3",
      "vite": "^3.0.8",
      "vite-plugin-pwa": "^0.14.7",
      "vite-plugin-vuetify": "^1.0.0-alpha.12",
      "vue-cli-plugin-vuetify": "~2.5.8"
    },
    "optionalDependencies": {
      "esbuild-android-64": "^0.15.18"
    },
    "eslintConfig": {
      "root": true,
      "env": {
        "node": true
      },
      "extends": [
        "plugin:vue/vue3-essential",
        "eslint:recommended"
      ],
      "parserOptions": {
        "parser": "@babel/eslint-parser",
        "requireConfigFile": false
      },
      "rules": {}
    },
    "browserslist": [
      "> 1%",
      "last 2 versions",
      "not dead",
      "not ie 11"
    ]
  }

yarn manifest: 
  No manifest

Lockfile: 
  No lockfile
